Using pre-set license
Built from '2021.3/staging' branch; Version is '2021.3.22f1 (b6c551784ba3) revision 11978065'; Using compiler version '192829333'; Build Type 'Release'
OS: 'Windows 11  (10.0.22621) 64bit Professional' Language: 'en' Physical Memory: 6005 MB
BatchMode: 1, IsHumanControllingUs: 0, StartBugReporterOnCrash: 0, Is64bit: 1, IsPro: 1

COMMAND LINE ARGUMENTS:
C:\Users\User\Desktop\doin stuff\unity\2021.3.22f1\Editor\Unity.exe
-adb2
-batchMode
-noUpm
-name
AssetImportWorker1
-projectPath
C:/Users/User/Desktop/4th_course/Software technology/WWNL_City_Builder
-logFile
Logs/AssetImportWorker1.log
-srvPort
59136
Successfully changed project path to: C:/Users/User/Desktop/4th_course/Software technology/WWNL_City_Builder
C:/Users/User/Desktop/4th_course/Software technology/WWNL_City_Builder
[UnityMemory] Configuration Parameters - Can be set up in boot.config
    "memorysetup-bucket-allocator-granularity=16"
    "memorysetup-bucket-allocator-bucket-count=8"
    "memorysetup-bucket-allocator-block-size=33554432"
    "memorysetup-bucket-allocator-block-count=8"
    "memorysetup-main-allocator-block-size=16777216"
    "memorysetup-thread-allocator-block-size=16777216"
    "memorysetup-gfx-main-allocator-block-size=16777216"
    "memorysetup-gfx-thread-allocator-block-size=16777216"
    "memorysetup-cache-allocator-block-size=4194304"
    "memorysetup-typetree-allocator-block-size=2097152"
    "memorysetup-profiler-bucket-allocator-granularity=16"
    "memorysetup-profiler-bucket-allocator-bucket-count=8"
    "memorysetup-profiler-bucket-allocator-block-size=33554432"
    "memorysetup-profiler-bucket-allocator-block-count=8"
    "memorysetup-profiler-allocator-block-size=16777216"
    "memorysetup-profiler-editor-allocator-block-size=1048576"
    "memorysetup-temp-allocator-size-main=16777216"
    "memorysetup-job-temp-allocator-block-size=2097152"
    "memorysetup-job-temp-allocator-block-size-background=1048576"
    "memorysetup-job-temp-allocator-reduction-small-platforms=262144"
    "memorysetup-temp-allocator-size-background-worker=32768"
    "memorysetup-temp-allocator-size-job-worker=262144"
    "memorysetup-temp-allocator-size-preload-manager=33554432"
    "memorysetup-temp-allocator-size-nav-mesh-worker=65536"
    "memorysetup-temp-allocator-size-audio-worker=65536"
    "memorysetup-temp-allocator-size-cloud-worker=32768"
    "memorysetup-temp-allocator-size-gi-baking-worker=262144"
    "memorysetup-temp-allocator-size-gfx=262144"
Player connection [10228] Host "[IP] 26.34.95.95 [Port] 0 [Flags] 2 [Guid] 547238965 [EditorId] 547238965 [Version] 1048832 [Id] WindowsEditor(7,DESKTOP-3MI96US) [Debug] 1 [PackageName] WindowsEditor [ProjectName] Editor" joined multi-casting on [225.0.0.222:54997]...

Player connection [10228] Host "[IP] 26.34.95.95 [Port] 0 [Flags] 2 [Guid] 547238965 [EditorId] 547238965 [Version] 1048832 [Id] WindowsEditor(7,DESKTOP-3MI96US) [Debug] 1 [PackageName] WindowsEditor [ProjectName] Editor" joined alternative multi-casting on [225.0.0.222:34997]...

Refreshing native plugins compatible for Editor in 80.91 ms, found 3 plugins.
Preloading 0 native plugins for Editor in 0.00 ms.
Initialize engine version: 2021.3.22f1 (b6c551784ba3)
[Subsystems] Discovering subsystems at path C:/Users/User/Desktop/doin stuff/unity/2021.3.22f1/Editor/Data/Resources/UnitySubsystems
[Subsystems] Discovering subsystems at path C:/Users/User/Desktop/4th_course/Software technology/WWNL_City_Builder/Assets
GfxDevice: creating device client; threaded=0; jobified=0
Direct3D:
    Version:  Direct3D 11.0 [level 11.1]
    Renderer: AMD Radeon(TM) Graphics (ID=0x164c)
    Vendor:   ATI
    VRAM:     3002 MB
    Driver:   30.0.14052.9003
Initialize mono
Mono path[0] = 'C:/Users/User/Desktop/doin stuff/unity/2021.3.22f1/Editor/Data/Managed'
Mono path[1] = 'C:/Users/User/Desktop/doin stuff/unity/2021.3.22f1/Editor/Data/MonoBleedingEdge/lib/mono/unityjit-win32'
Mono config path = 'C:/Users/User/Desktop/doin stuff/unity/2021.3.22f1/Editor/Data/MonoBleedingEdge/etc'
Using monoOptions --debugger-agent=transport=dt_socket,embedding=1,server=y,suspend=n,address=127.0.0.1:56704
Begin MonoManager ReloadAssembly
Registering precompiled unity dll's ...
Register platform support module: C:/Users/User/Desktop/doin stuff/unity/2021.3.22f1/Editor/Data/PlaybackEngines/WindowsStandaloneSupport/UnityEditor.WindowsStandalone.Extensions.dll
Registered in 0.004965 seconds.
Native extension for WindowsStandalone target not found
Refreshing native plugins compatible for Editor in 90.12 ms, found 3 plugins.
Preloading 0 native plugins for Editor in 0.00 ms.
Mono: successfully reloaded assembly
- Completed reload, in  0.732 seconds
Domain Reload Profiling:
	ReloadAssembly (733ms)
		BeginReloadAssembly (93ms)
			ExecutionOrderSort (0ms)
			DisableScriptedObjects (0ms)
			BackupInstance (0ms)
			ReleaseScriptingObjects (0ms)
			CreateAndSetChildDomain (1ms)
		EndReloadAssembly (538ms)
			LoadAssemblies (91ms)
			RebuildTransferFunctionScriptingTraits (0ms)
			SetupTypeCache (120ms)
			ReleaseScriptCaches (0ms)
			RebuildScriptCaches (45ms)
			SetupLoadedEditorAssemblies (310ms)
				LogAssemblyErrors (0ms)
				InitializePlatformSupportModulesInManaged (10ms)
				SetLoadedEditorAssemblies (0ms)
				RefreshPlugins (90ms)
				BeforeProcessingInitializeOnLoad (1ms)
				ProcessInitializeOnLoadAttributes (154ms)
				ProcessInitializeOnLoadMethodAttributes (54ms)
				AfterProcessingInitializeOnLoad (0ms)
				EditorAssembliesLoaded (0ms)
			ExecutionOrderSort2 (0ms)
			AwakeInstancesAfterBackupRestoration (0ms)
Platform modules already initialized, skipping
Registering precompiled user dll's ...
Registered in 0.003920 seconds.
Begin MonoManager ReloadAssembly
Symbol file LoadedFromMemory doesn't match image C:\Users\User\Desktop\4th_course\Software technology\WWNL_City_Builder\Library\PackageCache\com.unity.visualscripting@1.8.0\Editor\VisualScripting.Core\Dependencies\YamlDotNet\Unity.VisualScripting.YamlDotNet.dll
Symbol file LoadedFromMemory doesn't match image C:\Users\User\Desktop\4th_course\Software technology\WWNL_City_Builder\Library\PackageCache\com.unity.visualscripting@1.8.0\Editor\VisualScripting.Core\Dependencies\DotNetZip\Unity.VisualScripting.IonicZip.dll
Native extension for WindowsStandalone target not found
Refreshing native plugins compatible for Editor in 0.72 ms, found 3 plugins.
Preloading 0 native plugins for Editor in 0.00 ms.
Mono: successfully reloaded assembly
- Completed reload, in  1.082 seconds
Domain Reload Profiling:
	ReloadAssembly (1083ms)
		BeginReloadAssembly (126ms)
			ExecutionOrderSort (0ms)
			DisableScriptedObjects (6ms)
			BackupInstance (0ms)
			ReleaseScriptingObjects (0ms)
			CreateAndSetChildDomain (23ms)
		EndReloadAssembly (842ms)
			LoadAssemblies (145ms)
			RebuildTransferFunctionScriptingTraits (0ms)
			SetupTypeCache (262ms)
			ReleaseScriptCaches (1ms)
			RebuildScriptCaches (57ms)
			SetupLoadedEditorAssemblies (351ms)
				LogAssemblyErrors (0ms)
				InitializePlatformSupportModulesInManaged (5ms)
				SetLoadedEditorAssemblies (0ms)
				RefreshPlugins (1ms)
				BeforeProcessingInitializeOnLoad (85ms)
				ProcessInitializeOnLoadAttributes (231ms)
				ProcessInitializeOnLoadMethodAttributes (21ms)
				AfterProcessingInitializeOnLoad (7ms)
				EditorAssembliesLoaded (0ms)
			ExecutionOrderSort2 (0ms)
			AwakeInstancesAfterBackupRestoration (8ms)
Platform modules already initialized, skipping
========================================================================
Worker process is ready to serve import requests
Launched and connected shader compiler UnityShaderCompiler.exe after 0.09 seconds
Refreshing native plugins compatible for Editor in 0.81 ms, found 3 plugins.
Preloading 0 native plugins for Editor in 0.00 ms.
Unloading 3050 Unused Serialized files (Serialized files now loaded: 0)
Unloading 24 unused Assets / (113.7 KB). Loaded Objects now: 3510.
Memory consumption went from 107.7 MB to 107.6 MB.
Total: 4.183000 ms (FindLiveObjects: 0.564200 ms CreateObjectMapping: 0.179300 ms MarkObjects: 3.277000 ms  DeleteObjects: 0.159500 ms)

AssetImportParameters requested are different than current active one (requested -> active):
  custom:video-decoder-ogg-theora: a1e56fd34408186e4bbccfd4996cb3dc -> 
  custom:container-muxer-webm: aa71ff27fc2769a1b78a27578f13a17b -> 
  custom:container-demuxer-webm: 4f35f7cbe854078d1ac9338744f61a02 -> 
  custom:video-encoder-webm-vp8: eb34c28f22e8b96e1ab97ce403110664 -> 
  custom:audio-encoder-webm-vorbis: bf7c407c2cedff20999df2af8eb42d56 -> 
  custom:framework-win-MediaFoundation: 216162199b28c13a410421893ffa2e32 -> 
  custom:container-demuxer-ogg: 62fdf1f143b41e24485cea50d1cbac27 -> 
  custom:video-decoder-webm-vp8: 9c59270c3fd7afecdb556c50c9e8de78 -> 
  custom:audio-decoder-ogg-vorbis: bf7c407c2cedff20999df2af8eb42d56 -> 
========================================================================
Received Import Request.
  Time since last request: 14280.805276 seconds.
  path: Assets/Paulisia_S
  artifactKey: Guid(b1cc834c77b160a439fefae4ee904bba) Importer(815301076,1909f56bfc062723c751e8b465ee728b)
Start importing Assets/Paulisia_S using Guid(b1cc834c77b160a439fefae4ee904bba) Importer(815301076,1909f56bfc062723c751e8b465ee728b)  -> (artifact id: '36d866c314d6a1a03a9156b318d2b75e') in 0.016360 seconds 
========================================================================
Received Import Request.
  Time since last request: 0.000075 seconds.
  path: Assets/Paulisia_S/3D Game Kit - Lowpoly city assets/Scenes
  artifactKey: Guid(97f3dc6b53430174289052eeb2d885ac) Importer(815301076,1909f56bfc062723c751e8b465ee728b)
Start importing Assets/Paulisia_S/3D Game Kit - Lowpoly city assets/Scenes using Guid(97f3dc6b53430174289052eeb2d885ac) Importer(815301076,1909f56bfc062723c751e8b465ee728b)  -> (artifact id: '5e984c8510fdeaa1f7f903b333a83315') in 0.011607 seconds 
========================================================================
Received Import Request.
  Time since last request: 19.088262 seconds.
  path: Assets/Paulisia_S/3D Game Kit - Lowpoly city assets/Models/buildings/cinema.fbx
  artifactKey: Guid(1b74af686560d35408dab5752952d4d2) Importer(815301076,1909f56bfc062723c751e8b465ee728b)
Start importing Assets/Paulisia_S/3D Game Kit - Lowpoly city assets/Models/buildings/cinema.fbx using Guid(1b74af686560d35408dab5752952d4d2) Importer(815301076,1909f56bfc062723c751e8b465ee728b)  -> (artifact id: '0ff5a6b83897fcc19a28bd96c932b156') in 0.367171 seconds 
========================================================================
Received Import Request.
  Time since last request: 0.000027 seconds.
  path: Assets/Paulisia_S/3D Game Kit - Lowpoly city assets/Models/buildings/coffe_shop.fbx
  artifactKey: Guid(72eb03613740c274493a17b1fb2c5184) Importer(815301076,1909f56bfc062723c751e8b465ee728b)
Start importing Assets/Paulisia_S/3D Game Kit - Lowpoly city assets/Models/buildings/coffe_shop.fbx using Guid(72eb03613740c274493a17b1fb2c5184) Importer(815301076,1909f56bfc062723c751e8b465ee728b)  -> (artifact id: '7722cde8583dd830de7f9683cbe66206') in 0.062131 seconds 
========================================================================
Received Import Request.
  Time since last request: 0.000046 seconds.
  path: Assets/Paulisia_S/3D Game Kit - Lowpoly city assets/Models/buildings/yellow_house.fbx
  artifactKey: Guid(495f0ed2aadfa5748ae0b043f3e34aef) Importer(815301076,1909f56bfc062723c751e8b465ee728b)
Start importing Assets/Paulisia_S/3D Game Kit - Lowpoly city assets/Models/buildings/yellow_house.fbx using Guid(495f0ed2aadfa5748ae0b043f3e34aef) Importer(815301076,1909f56bfc062723c751e8b465ee728b)  -> (artifact id: '5b6ffd8b7e9c8a613539b8bd302b2d0e') in 0.066462 seconds 
========================================================================
Received Import Request.
  Time since last request: 0.000043 seconds.
  path: Assets/Paulisia_S/3D Game Kit - Lowpoly city assets/Models/buildings/hotel.fbx
  artifactKey: Guid(8e636f3005c3ff7448d552f67acd3150) Importer(815301076,1909f56bfc062723c751e8b465ee728b)
Start importing Assets/Paulisia_S/3D Game Kit - Lowpoly city assets/Models/buildings/hotel.fbx using Guid(8e636f3005c3ff7448d552f67acd3150) Importer(815301076,1909f56bfc062723c751e8b465ee728b)  -> (artifact id: '01dcea9cf4f02ee0a7f35e7ed3ac5d18') in 0.066801 seconds 
========================================================================
Received Import Request.
  Time since last request: 0.000049 seconds.
  path: Assets/Paulisia_S/3D Game Kit - Lowpoly city assets/Models/buildings/green_house.fbx
  artifactKey: Guid(09f1c6a02f99ab74c876d175ac77b8d3) Importer(815301076,1909f56bfc062723c751e8b465ee728b)
Start importing Assets/Paulisia_S/3D Game Kit - Lowpoly city assets/Models/buildings/green_house.fbx using Guid(09f1c6a02f99ab74c876d175ac77b8d3) Importer(815301076,1909f56bfc062723c751e8b465ee728b)  -> (artifact id: '3300ae33dfd7201dd9789d9fb72533f1') in 0.066621 seconds 
========================================================================
Received Import Request.
  Time since last request: 0.000048 seconds.
  path: Assets/Paulisia_S/3D Game Kit - Lowpoly city assets/Models/buildings/pizzeria.fbx
  artifactKey: Guid(48b827cb18856564391c0e366f1e9b91) Importer(815301076,1909f56bfc062723c751e8b465ee728b)
Start importing Assets/Paulisia_S/3D Game Kit - Lowpoly city assets/Models/buildings/pizzeria.fbx using Guid(48b827cb18856564391c0e366f1e9b91) Importer(815301076,1909f56bfc062723c751e8b465ee728b)  -> (artifact id: 'cefbd3885a6c2c55c4b5dedc4fac7ba7') in 0.094452 seconds 
========================================================================
Received Import Request.
  Time since last request: 0.000053 seconds.
  path: Assets/Paulisia_S/3D Game Kit - Lowpoly city assets/Models/buildings/gas_station_shop.fbx
  artifactKey: Guid(3959a21cf14d9564cb62db5adc341484) Importer(815301076,1909f56bfc062723c751e8b465ee728b)
Start importing Assets/Paulisia_S/3D Game Kit - Lowpoly city assets/Models/buildings/gas_station_shop.fbx using Guid(3959a21cf14d9564cb62db5adc341484) Importer(815301076,1909f56bfc062723c751e8b465ee728b)  -> (artifact id: 'a20816e696d214a24dfb36640adf2ee7') in 0.080914 seconds 
========================================================================
Received Import Request.
  Time since last request: 28.500995 seconds.
  path: Assets/Paulisia_S/3D Game Kit - Lowpoly city assets/Models/vehicles/bus.fbx
  artifactKey: Guid(a0be93f1cec7d4b41943e97ce2c50cf7) Importer(815301076,1909f56bfc062723c751e8b465ee728b)
Start importing Assets/Paulisia_S/3D Game Kit - Lowpoly city assets/Models/vehicles/bus.fbx using Guid(a0be93f1cec7d4b41943e97ce2c50cf7) Importer(815301076,1909f56bfc062723c751e8b465ee728b)  -> (artifact id: '6a8066117606462bbc6cc1dece33d595') in 0.067711 seconds 
========================================================================
Received Import Request.
  Time since last request: 0.000029 seconds.
  path: Assets/Paulisia_S/3D Game Kit - Lowpoly city assets/Models/vehicles/truck.fbx
  artifactKey: Guid(d9676ad105f1ef544bcb6e98aa70a918) Importer(815301076,1909f56bfc062723c751e8b465ee728b)
Start importing Assets/Paulisia_S/3D Game Kit - Lowpoly city assets/Models/vehicles/truck.fbx using Guid(d9676ad105f1ef544bcb6e98aa70a918) Importer(815301076,1909f56bfc062723c751e8b465ee728b)  -> (artifact id: '36e3c7719b8d6baa373e0a9be225615c') in 0.087699 seconds 
========================================================================
Received Import Request.
  Time since last request: 0.000085 seconds.
  path: Assets/Paulisia_S/3D Game Kit - Lowpoly city assets/Models/vehicles/fire_truck.fbx
  artifactKey: Guid(c9ce5c9c471af2a4fa5d6a1f8dd31dd8) Importer(815301076,1909f56bfc062723c751e8b465ee728b)
Start importing Assets/Paulisia_S/3D Game Kit - Lowpoly city assets/Models/vehicles/fire_truck.fbx using Guid(c9ce5c9c471af2a4fa5d6a1f8dd31dd8) Importer(815301076,1909f56bfc062723c751e8b465ee728b)  -> (artifact id: '73c32a6563b33f4810680851247bde7c') in 0.091270 seconds 
========================================================================
Received Import Request.
  Time since last request: 0.000056 seconds.
  path: Assets/Paulisia_S/3D Game Kit - Lowpoly city assets/Models/vehicles/small_car.fbx
  artifactKey: Guid(1f5857c54b890ac488e956867af273af) Importer(815301076,1909f56bfc062723c751e8b465ee728b)
Start importing Assets/Paulisia_S/3D Game Kit - Lowpoly city assets/Models/vehicles/small_car.fbx using Guid(1f5857c54b890ac488e956867af273af) Importer(815301076,1909f56bfc062723c751e8b465ee728b)  -> (artifact id: 'bd70f7ca4fc05b625599b39b95fa1491') in 0.103986 seconds 
========================================================================
Received Import Request.
  Time since last request: 10.386908 seconds.
  path: Assets/Paulisia_S/3D Game Kit - Lowpoly city assets/Prefabs/buildings/coffe_shop.prefab
  artifactKey: Guid(53f03ca5793d34b45989557015343644) Importer(815301076,1909f56bfc062723c751e8b465ee728b)
Start importing Assets/Paulisia_S/3D Game Kit - Lowpoly city assets/Prefabs/buildings/coffe_shop.prefab using Guid(53f03ca5793d34b45989557015343644) Importer(815301076,1909f56bfc062723c751e8b465ee728b)  -> (artifact id: '8b4453187a7c46509d0b47b2ddb0d761') in 0.026804 seconds 
========================================================================
Received Import Request.
  Time since last request: 0.000045 seconds.
  path: Assets/Paulisia_S/3D Game Kit - Lowpoly city assets/Prefabs/buildings/market.prefab
  artifactKey: Guid(8702378c227d9ee45a5b4f594f4a62dd) Importer(815301076,1909f56bfc062723c751e8b465ee728b)
Start importing Assets/Paulisia_S/3D Game Kit - Lowpoly city assets/Prefabs/buildings/market.prefab using Guid(8702378c227d9ee45a5b4f594f4a62dd) Importer(815301076,1909f56bfc062723c751e8b465ee728b)  -> (artifact id: '4cf12d3b793066542993d5130f3cc14e') in 0.030634 seconds 
========================================================================
Received Import Request.
  Time since last request: 0.000060 seconds.
  path: Assets/Paulisia_S/3D Game Kit - Lowpoly city assets/Prefabs/buildings/police_station.prefab
  artifactKey: Guid(e41eed048e843684ea1424dd6b101eb6) Importer(815301076,1909f56bfc062723c751e8b465ee728b)
Start importing Assets/Paulisia_S/3D Game Kit - Lowpoly city assets/Prefabs/buildings/police_station.prefab using Guid(e41eed048e843684ea1424dd6b101eb6) Importer(815301076,1909f56bfc062723c751e8b465ee728b)  -> (artifact id: '0d6be3c913289661ccebb610aae3da7c') in 0.029933 seconds 
========================================================================
Received Import Request.
  Time since last request: 0.000033 seconds.
  path: Assets/Paulisia_S/3D Game Kit - Lowpoly city assets/Prefabs/buildings/hotel.prefab
  artifactKey: Guid(5f43dd5690e469d4fa935c77a9dcc028) Importer(815301076,1909f56bfc062723c751e8b465ee728b)
Start importing Assets/Paulisia_S/3D Game Kit - Lowpoly city assets/Prefabs/buildings/hotel.prefab using Guid(5f43dd5690e469d4fa935c77a9dcc028) Importer(815301076,1909f56bfc062723c751e8b465ee728b)  -> (artifact id: 'ea02472e5b71478e267623859ac08588') in 0.053442 seconds 
Editor requested this worker to shutdown with reason: Scaling down because of idle timeout
AssetImportWorker is now disconnected from the server
Process exiting
Exiting without the bug reporter. Application will terminate with return code 0